<?xml version="1.0" encoding="UTF-8"?>
<!-- Generated by org.testng.reporters.JUnitReportReporter -->
<testsuite hostname="NitinJallandhra" name="Practice_1.SmokeTest" tests="1" failures="0" timestamp="13 Dec 2021 07:46:22 GMT" time="0.010" errors="0">
  <testcase name="smokeTest" time="0.010" classname="Practice_1.SmokeTest"/>
</testsuite> <!-- Practice_1.SmokeTest -->
