<?xml version="1.0" encoding="UTF-8"?>
<!-- Generated by org.testng.reporters.JUnitReportReporter -->
<testsuite hostname="NitinJallandhra" name="Practice_1.PracticeTest" tests="1" failures="0" timestamp="13 Dec 2021 07:36:43 GMT" time="0.009" errors="0">
  <testcase name="Laptop" time="0.009" classname="Practice_1.PracticeTest"/>
</testsuite> <!-- Practice_1.PracticeTest -->
