<?xml version="1.0" encoding="UTF-8"?>
<!-- Generated by org.testng.reporters.JUnitReportReporter -->
<testsuite hostname="NitinJallandhra" name="Practice_1.DemoTest" tests="1" failures="0" timestamp="13 Dec 2021 07:34:07 GMT" time="0.015" errors="0">
  <testcase name="CreateTest" time="0.015" classname="Practice_1.DemoTest"/>
</testsuite> <!-- Practice_1.DemoTest -->
